<?xml version="1.0" encoding="UTF-8"?>
<!-- Generated by org.testng.reporters.JUnitReportReporter -->
<testsuite hostname="LAPTOP-KA5SCLD6" failures="0" tests="2" name="com.example.CICDPractice" time="0.000" errors="0" timestamp="2023-09-07T23:19:02 IST" skipped="0">
  <testcase classname="com.example.CICDPractice" name="method1" time="0.000"/>
  <testcase classname="com.example.CICDPractice" name="method2" time="0.000"/>
</testsuite> <!-- com.example.CICDPractice -->
